C:\USERS\HFS5022\DESKTOP\OPENTLD\PROJECT\SRC\LIBOPENTLD\LIBOPENTLD.DIR\DEBUG\VARIANCEFILTER.OBJ
C:\USERS\HFS5022\DESKTOP\OPENTLD\PROJECT\SRC\LIBOPENTLD\LIBOPENTLD.DIR\DEBUG\TLDUTIL.OBJ
C:\USERS\HFS5022\DESKTOP\OPENTLD\PROJECT\SRC\LIBOPENTLD\LIBOPENTLD.DIR\DEBUG\TLD.OBJ
C:\USERS\HFS5022\DESKTOP\OPENTLD\PROJECT\SRC\LIBOPENTLD\LIBOPENTLD.DIR\DEBUG\NNCLASSIFIER.OBJ
C:\USERS\HFS5022\DESKTOP\OPENTLD\PROJECT\SRC\LIBOPENTLD\LIBOPENTLD.DIR\DEBUG\MEDIANFLOWTRACKER.OBJ
C:\USERS\HFS5022\DESKTOP\OPENTLD\PROJECT\SRC\LIBOPENTLD\LIBOPENTLD.DIR\DEBUG\FOREGROUNDDETECTOR.OBJ
C:\USERS\HFS5022\DESKTOP\OPENTLD\PROJECT\SRC\LIBOPENTLD\LIBOPENTLD.DIR\DEBUG\ENSEMBLECLASSIFIER.OBJ
C:\USERS\HFS5022\DESKTOP\OPENTLD\PROJECT\SRC\LIBOPENTLD\LIBOPENTLD.DIR\DEBUG\DETECTORCASCADE.OBJ
C:\USERS\HFS5022\DESKTOP\OPENTLD\PROJECT\SRC\LIBOPENTLD\LIBOPENTLD.DIR\DEBUG\DETECTIONRESULT.OBJ
C:\USERS\HFS5022\DESKTOP\OPENTLD\PROJECT\SRC\LIBOPENTLD\LIBOPENTLD.DIR\DEBUG\CLUSTERING.OBJ
C:\USERS\HFS5022\DESKTOP\OPENTLD\PROJECT\SRC\LIBOPENTLD\LIBOPENTLD.DIR\DEBUG\MEDIAN.OBJ
C:\USERS\HFS5022\DESKTOP\OPENTLD\PROJECT\SRC\LIBOPENTLD\LIBOPENTLD.DIR\DEBUG\LK.OBJ
C:\USERS\HFS5022\DESKTOP\OPENTLD\PROJECT\SRC\LIBOPENTLD\LIBOPENTLD.DIR\DEBUG\FBTRACK.OBJ
C:\USERS\HFS5022\DESKTOP\OPENTLD\PROJECT\SRC\LIBOPENTLD\LIBOPENTLD.DIR\DEBUG\BBPREDICT.OBJ
C:\USERS\HFS5022\DESKTOP\OPENTLD\PROJECT\SRC\LIBOPENTLD\LIBOPENTLD.DIR\DEBUG\BB.OBJ
C:\USERS\HFS5022\DESKTOP\OPENTLD\PROJECT\SRC\LIBOPENTLD\LIBOPENTLD.DIR\DEBUG\IMACQ.OBJ
C:\USERS\HFS5022\DESKTOP\OPENTLD\PROJECT\SRC\LIBOPENTLD\LIBOPENTLD.DIR\DEBUG\VC110.PDB
C:\USERS\HFS5022\DESKTOP\OPENTLD\PROJECT\SRC\LIBOPENTLD\CMAKEFILES\GENERATE.STAMP
C:\USERS\HFS5022\DESKTOP\OPENTLD\PROJECT\LIB\DEBUG\OPENTLD.LIB
C:\Users\hfs5022\Desktop\OpenTLD\Project\src\libopentld\libopentld.dir\Debug\BB.obj
C:\Users\hfs5022\Desktop\OpenTLD\Project\src\libopentld\libopentld.dir\Debug\BBPredict.obj
C:\Users\hfs5022\Desktop\OpenTLD\Project\src\libopentld\libopentld.dir\Debug\Clustering.obj
C:\Users\hfs5022\Desktop\OpenTLD\Project\src\libopentld\libopentld.dir\Debug\DetectionResult.obj
C:\Users\hfs5022\Desktop\OpenTLD\Project\src\libopentld\libopentld.dir\Debug\DetectorCascade.obj
C:\Users\hfs5022\Desktop\OpenTLD\Project\src\libopentld\libopentld.dir\Debug\EnsembleClassifier.obj
C:\Users\hfs5022\Desktop\OpenTLD\Project\src\libopentld\libopentld.dir\Debug\FBTrack.obj
C:\Users\hfs5022\Desktop\OpenTLD\Project\src\libopentld\libopentld.dir\Debug\ForegroundDetector.obj
C:\Users\hfs5022\Desktop\OpenTLD\Project\src\libopentld\libopentld.dir\Debug\ImAcq.obj
C:\Users\hfs5022\Desktop\OpenTLD\Project\src\libopentld\libopentld.dir\Debug\Lk.obj
C:\Users\hfs5022\Desktop\OpenTLD\Project\src\libopentld\libopentld.dir\Debug\Median.obj
C:\Users\hfs5022\Desktop\OpenTLD\Project\src\libopentld\libopentld.dir\Debug\MedianFlowTracker.obj
C:\Users\hfs5022\Desktop\OpenTLD\Project\src\libopentld\libopentld.dir\Debug\NNClassifier.obj
C:\Users\hfs5022\Desktop\OpenTLD\Project\src\libopentld\libopentld.dir\Debug\TLD.obj
C:\Users\hfs5022\Desktop\OpenTLD\Project\src\libopentld\libopentld.dir\Debug\TLDUtil.obj
C:\Users\hfs5022\Desktop\OpenTLD\Project\src\libopentld\libopentld.dir\Debug\VarianceFilter.obj
C:\Users\hfs5022\Desktop\OpenTLD\Project\src\libopentld\libopentld.dir\Debug\cl.command.1.tlog
C:\Users\hfs5022\Desktop\OpenTLD\Project\src\libopentld\libopentld.dir\Debug\CL.read.1.tlog
C:\Users\hfs5022\Desktop\OpenTLD\Project\src\libopentld\libopentld.dir\Debug\CL.write.1.tlog
C:\Users\hfs5022\Desktop\OpenTLD\Project\src\libopentld\libopentld.dir\Debug\custombuild.command.1.tlog
C:\Users\hfs5022\Desktop\OpenTLD\Project\src\libopentld\libopentld.dir\Debug\custombuild.read.1.tlog
C:\Users\hfs5022\Desktop\OpenTLD\Project\src\libopentld\libopentld.dir\Debug\custombuild.write.1.tlog
C:\Users\hfs5022\Desktop\OpenTLD\Project\src\libopentld\libopentld.dir\Debug\Lib-link.read.1.tlog
C:\Users\hfs5022\Desktop\OpenTLD\Project\src\libopentld\libopentld.dir\Debug\Lib-link.write.1.tlog
C:\Users\hfs5022\Desktop\OpenTLD\Project\src\libopentld\libopentld.dir\Debug\lib.command.1.tlog
C:\Users\hfs5022\Desktop\OpenTLD\Project\src\libopentld\libopentld.dir\Debug\vc110.pdb
C:\Users\hfs5022\Desktop\OpenTLD\Project\lib\Debug\opentld.lib
